[0710/174350.334:ERROR:crash_report_database_win.cc(428)] unexpected header
[0710/174823.418:ERROR:process_memory_win.cc(73)] ReadMemory at 0x58f2110 of 32 bytes failed: Only part of a ReadProcessMemory or WriteProcessMemory request was completed. (0x12B)
[0710/174823.499:WARNING:pe_image_annotations_reader.cc(146)] could not read annotation at index 2 in C:\Program Files (x86)\Google\Chrome\Application\75.0.3770.100\chrome_child.dll
[0710/174823.499:ERROR:process_memory_win.cc(73)] ReadMemory at 0x7feff2a0000 of 64 bytes failed: Only part of a ReadProcessMemory or WriteProcessMemory request was completed. (0x12B)
[0710/174823.499:WARNING:pe_image_reader.cc(340)] could not read dos header from C:\Windows\system32\WS2_32.dll
[0710/174823.499:ERROR:process_memory_win.cc(73)] ReadMemory at 0x7feff2a0000 of 64 bytes failed: Only part of a ReadProcessMemory or WriteProcessMemory request was completed. (0x12B)
[0710/174823.499:WARNING:pe_image_reader.cc(340)] could not read dos header from C:\Windows\system32\WS2_32.dll
[0710/174823.499:ERROR:process_memory_win.cc(73)] ReadMemory at 0x7feff5e0000 of 64 bytes failed: Only part of a ReadProcessMemory or WriteProcessMemory request was completed. (0x12B)
[0710/174823.499:WARNING:pe_image_reader.cc(340)] could not read dos header from C:\Windows\system32\NSI.dll
[0710/174823.499:ERROR:process_memory_win.cc(73)] ReadMemory at 0x7feff5e0000 of 64 bytes failed: Only part of a ReadProcessMemory or WriteProcessMemory request was completed. (0x12B)
[0710/174823.499:WARNING:pe_image_reader.cc(340)] could not read dos header from C:\Windows\system32\NSI.dll
[0710/174823.499:ERROR:process_memory_win.cc(73)] ReadMemory at 0x7fefa8f0000 of 64 bytes failed: Only part of a ReadProcessMemory or WriteProcessMemory request was completed. (0x12B)
[0710/174823.499:WARNING:pe_image_reader.cc(340)] could not read dos header from C:\Windows\system32\IPHLPAPI.DLL
[0710/174823.499:ERROR:process_memory_win.cc(73)] ReadMemory at 0x7fefa8f0000 of 64 bytes failed: Only part of a ReadProcessMemory or WriteProcessMemory request was completed. (0x12B)
[0710/174823.499:WARNING:pe_image_reader.cc(340)] could not read dos header from C:\Windows\system32\IPHLPAPI.DLL
[0710/174823.499:ERROR:process_memory_win.cc(73)] ReadMemory at 0x7fefa8d0000 of 64 bytes failed: Only part of a ReadProcessMemory or WriteProcessMemory request was completed. (0x12B)
[0710/174823.499:WARNING:pe_image_reader.cc(340)] could not read dos header from C:\Windows\system32\WINNSI.DLL
[0710/174823.499:ERROR:process_memory_win.cc(73)] ReadMemory at 0x7fefa8d0000 of 64 bytes failed: Only part of a ReadProcessMemory or WriteProcessMemory request was completed. (0x12B)
[0710/174823.499:WARNING:pe_image_reader.cc(340)] could not read dos header from C:\Windows\system32\WINNSI.DLL
[0710/174823.499:ERROR:process_memory_win.cc(73)] ReadMemory at 0x7feff3d0000 of 64 bytes failed: Only part of a ReadProcessMemory or WriteProcessMemory request was completed. (0x12B)
[0710/174823.499:WARNING:pe_image_reader.cc(340)] could not read dos header from C:\Windows\system32\ole32.dll
[0710/174823.499:ERROR:process_memory_win.cc(73)] ReadMemory at 0x7feff3d0000 of 64 bytes failed: Only part of a ReadProcessMemory or WriteProcessMemory request was completed. (0x12B)
[0710/174823.499:WARNING:pe_image_reader.cc(340)] could not read dos header from C:\Windows\system32\ole32.dll
[0710/174823.499:ERROR:process_memory_win.cc(73)] ReadMemory at 0x7feff2f0000 of 64 bytes failed: Only part of a ReadProcessMemory or WriteProcessMemory request was completed. (0x12B)
[0710/174823.499:WARNING:pe_image_reader.cc(340)] could not read dos header from C:\Windows\system32\OLEAUT32.dll
[0710/174823.499:ERROR:process_memory_win.cc(73)] ReadMemory at 0x7feff2f0000 of 64 bytes failed: Only part of a ReadProcessMemory or WriteProcessMemory request was completed. (0x12B)
[0710/174823.499:WARNING:pe_image_reader.cc(340)] could not read dos header from C:\Windows\system32\OLEAUT32.dll
[0710/174823.499:ERROR:process_memory_win.cc(73)] ReadMemory at 0x7fefb360000 of 64 bytes failed: Only part of a ReadProcessMemory or WriteProcessMemory request was completed. (0x12B)
[0710/174823.499:WARNING:pe_image_reader.cc(340)] could not read dos header from C:\Windows\system32\OLEACC.dll
[0710/174823.499:ERROR:process_memory_win.cc(73)] ReadMemory at 0x7fefb360000 of 64 bytes failed: Only part of a ReadProcessMemory or WriteProcessMemory request was completed. (0x12B)
[0710/174823.499:WARNING:pe_image_reader.cc(340)] could not read dos header from C:\Windows\system32\OLEACC.dll
[0710/174823.499:ERROR:process_memory_win.cc(73)] ReadMemory at 0x7fee0140000 of 64 bytes failed: Only part of a ReadProcessMemory or WriteProcessMemory request was completed. (0x12B)
[0710/174823.499:WARNING:pe_image_reader.cc(340)] could not read dos header from C:\Windows\system32\UIAutomationCore.DLL
[0710/174823.499:ERROR:process_memory_win.cc(73)] ReadMemory at 0x7fee0140000 of 64 bytes failed: Only part of a ReadProcessMemory or WriteProcessMemory request was completed. (0x12B)
[0710/174823.499:WARNING:pe_image_reader.cc(340)] could not read dos header from C:\Windows\system32\UIAutomationCore.DLL
[0710/174823.499:ERROR:process_memory_win.cc(73)] ReadMemory at 0x776d0000 of 64 bytes failed: Only part of a ReadProcessMemory or WriteProcessMemory request was completed. (0x12B)
[0710/174823.499:WARNING:pe_image_reader.cc(340)] could not read dos header from C:\Windows\system32\PSAPI.DLL
[0710/174823.499:ERROR:process_memory_win.cc(73)] ReadMemory at 0x776d0000 of 64 bytes failed: Only part of a ReadProcessMemory or WriteProcessMemory request was completed. (0x12B)
[0710/174823.499:WARNING:pe_image_reader.cc(340)] could not read dos header from C:\Windows\system32\PSAPI.DLL
[0710/174823.499:ERROR:process_memory_win.cc(73)] ReadMemory at 0x7fefc460000 of 64 bytes failed: Only part of a ReadProcessMemory or WriteProcessMemory request was completed. (0x12B)
[0710/174823.499:WARNING:pe_image_reader.cc(340)] could not read dos header from C:\Windows\system32\WTSAPI32.dll
[0710/174823.500:ERROR:process_memory_win.cc(73)] ReadMemory at 0x7fefc460000 of 64 bytes failed: Only part of a ReadProcessMemory or WriteProcessMemory request was completed. (0x12B)
[0710/174823.500:WARNING:pe_image_reader.cc(340)] could not read dos header from C:\Windows\system32\WTSAPI32.dll
[0710/174823.500:ERROR:process_memory_win.cc(73)] ReadMemory at 0x7fefd630000 of 64 bytes failed: Only part of a ReadProcessMemory or WriteProcessMemory request was completed. (0x12B)
[0710/174823.500:WARNING:pe_image_reader.cc(340)] could not read dos header from C:\Windows\system32\WINTRUST.dll
[0710/174823.500:ERROR:process_memory_win.cc(73)] ReadMemory at 0x7fefd630000 of 64 bytes failed: Only part of a ReadProcessMemory or WriteProcessMemory request was completed. (0x12B)
[0710/174823.500:WARNING:pe_image_reader.cc(340)] could not read dos header from C:\Windows\system32\WINTRUST.dll
[0710/174823.500:ERROR:process_memory_win.cc(73)] ReadMemory at 0x7fefd410000 of 64 bytes failed: Only part of a ReadProcessMemory or WriteProcessMemory request was completed. (0x12B)
[0710/174823.500:WARNING:pe_image_reader.cc(340)] could not read dos header from C:\Windows\system32\CRYPT32.dll
[0710/174823.500:ERROR:process_memory_win.cc(73)] ReadMemory at 0x7fefd410000 of 64 bytes failed: Only part of a ReadProcessMemory or WriteProcessMemory request was completed. (0x12B)
[0710/174823.500:WARNING:pe_image_reader.cc(340)] could not read dos header from C:\Windows\system32\CRYPT32.dll
[0710/174823.500:ERROR:process_memory_win.cc(73)] ReadMemory at 0x7fefd2d0000 of 64 bytes failed: Only part of a ReadProcessMemory or WriteProcessMemory request was completed. (0x12B)
[0710/174823.500:WARNING:pe_image_reader.cc(340)] could not read dos header from C:\Windows\system32\MSASN1.dll
[0710/174823.500:ERROR:process_memory_win.cc(73)] ReadMemory at 0x7fefd2d0000 of 64 bytes failed: Only part of a ReadProcessMemory or WriteProcessMemory request was completed. (0x12B)
[0710/174823.500:WARNING:pe_image_reader.cc(340)] could not read dos header from C:\Windows\system32\MSASN1.dll
[0710/174823.500:ERROR:process_memory_win.cc(73)] ReadMemory at 0x7feecb60000 of 64 bytes failed: Only part of a ReadProcessMemory or WriteProcessMemory request was completed. (0x12B)
[0710/174823.500:WARNING:pe_image_reader.cc(340)] could not read dos header from C:\Windows\system32\DWrite.dll
[0710/174823.500:ERROR:process_memory_win.cc(73)] ReadMemory at 0x7feecb60000 of 64 bytes failed: Only part of a ReadProcessMemory or WriteProcessMemory request was completed. (0x12B)
[0710/174823.500:WARNING:pe_image_reader.cc(340)] could not read dos header from C:\Windows\system32\DWrite.dll
[0710/174823.500:ERROR:process_memory_win.cc(73)] ReadMemory at 0x7fef5b60000 of 64 bytes failed: Only part of a ReadProcessMemory or WriteProcessMemory request was completed. (0x12B)
[0710/174823.500:WARNING:pe_image_reader.cc(340)] could not read dos header from C:\Windows\system32\dxgi.dll
[0710/174823.500:ERROR:process_memory_win.cc(73)] ReadMemory at 0x7fef5b60000 of 64 bytes failed: Only part of a ReadProcessMemory or WriteProcessMemory request was completed. (0x12B)
[0710/174823.500:WARNING:pe_image_reader.cc(340)] could not read dos header from C:\Windows\system32\dxgi.dll
[0710/174823.500:ERROR:process_memory_win.cc(73)] ReadMemory at 0x7fefc340000 of 64 bytes failed: Only part of a ReadProcessMemory or WriteProcessMemory request was completed. (0x12B)
[0710/174823.500:WARNING:pe_image_reader.cc(340)] could not read dos header from C:\Windows\system32\dwmapi.dll
[0710/174823.500:ERROR:process_memory_win.cc(73)] ReadMemory at 0x7fefc340000 of 64 bytes failed: Only part of a ReadProcessMemory or WriteProcessMemory request was completed. (0x12B)
[0710/174823.500:WARNING:pe_image_reader.cc(340)] could not read dos header from C:\Windows\system32\dwmapi.dll
[0710/174823.500:ERROR:process_memory_win.cc(73)] ReadMemory at 0x7fef57c0000 of 64 bytes failed: Only part of a ReadProcessMemory or WriteProcessMemory request was completed. (0x12B)
[0710/174823.500:WARNING:pe_image_reader.cc(340)] could not read dos header from C:\Windows\system32\WINSPOOL.DRV
[0710/174823.500:ERROR:process_memory_win.cc(73)] ReadMemory at 0x7fef57c0000 of 64 bytes failed: Only part of a ReadProcessMemory or WriteProcessMemory request was completed. (0x12B)
[0710/174823.500:WARNING:pe_image_reader.cc(340)] could not read dos header from C:\Windows\system32\WINSPOOL.DRV
[0710/174823.500:ERROR:process_memory_win.cc(73)] ReadMemory at 0x7fef97b0000 of 64 bytes failed: Only part of a ReadProcessMemory or WriteProcessMemory request was completed. (0x12B)
[0710/174823.500:WARNING:pe_image_reader.cc(340)] could not read dos header from C:\Windows\system32\dbghelp.dll
[0710/174823.500:ERROR:process_memory_win.cc(73)] ReadMemory at 0x7fef97b0000 of 64 bytes failed: Only part of a ReadProcessMemory or WriteProcessMemory request was completed. (0x12B)
[0710/174823.500:WARNING:pe_image_reader.cc(340)] could not read dos header from C:\Windows\system32\dbghelp.dll
[0710/174823.500:ERROR:process_memory_win.cc(73)] ReadMemory at 0x7fefece0000 of 64 bytes failed: Only part of a ReadProcessMemory or WriteProcessMemory request was completed. (0x12B)
[0710/174823.500:WARNING:pe_image_reader.cc(340)] could not read dos header from C:\Windows\system32\COMDLG32.dll
[0710/174823.500:ERROR:process_memory_win.cc(73)] ReadMemory at 0x7fefece0000 of 64 bytes failed: Only part of a ReadProcessMemory or WriteProcessMemory request was completed. (0x12B)
[0710/174823.500:WARNING:pe_image_reader.cc(340)] could not read dos header from C:\Windows\system32\COMDLG32.dll
[0710/174823.500:ERROR:process_memory_win.cc(73)] ReadMemory at 0x7fefbe40000 of 64 bytes failed: Only part of a ReadProcessMemory or WriteProcessMemory request was completed. (0x12B)
[0710/174823.500:WARNING:pe_image_reader.cc(340)] could not read dos header from C:\Windows\WinSxS\amd64_microsoft.windows.common-controls_6595b64144ccf1df_6.0.7601.17514_none_fa396087175ac9ac\COMCTL32.dll
[0710/174823.500:ERROR:process_memory_win.cc(73)] ReadMemory at 0x7fefbe40000 of 64 bytes failed: Only part of a ReadProcessMemory or WriteProcessMemory request was completed. (0x12B)
[0710/174823.500:WARNING:pe_image_reader.cc(340)] could not read dos header from C:\Windows\WinSxS\amd64_microsoft.windows.common-controls_6595b64144ccf1df_6.0.7601.17514_none_fa396087175ac9ac\COMCTL32.dll
[0710/174823.500:ERROR:process_memory_win.cc(73)] ReadMemory at 0x7fef99a0000 of 64 bytes failed: Only part of a ReadProcessMemory or WriteProcessMemory request was completed. (0x12B)
[0710/174823.500:WARNING:pe_image_reader.cc(340)] could not read dos header from C:\Windows\system32\WINHTTP.dll
[0710/174823.500:ERROR:process_memory_win.cc(73)] ReadMemory at 0x7fef99a0000 of 64 bytes failed: Only part of a ReadProcessMemory or WriteProcessMemory request was completed. (0x12B)
[0710/174823.500:WARNING:pe_image_reader.cc(340)] could not read dos header from C:\Windows\system32\WINHTTP.dll
[0710/174823.500:ERROR:process_memory_win.cc(73)] ReadMemory at 0x7fef9930000 of 64 bytes failed: Only part of a ReadProcessMemory or WriteProcessMemory request was completed. (0x12B)
[0710/174823.500:WARNING:pe_image_reader.cc(340)] could not read dos header from C:\Windows\system32\webio.dll
[0710/174823.500:ERROR:process_memory_win.cc(73)] ReadMemory at 0x7fef9930000 of 64 bytes failed: Only part of a ReadProcessMemory or WriteProcessMemory request was completed. (0x12B)
[0710/174823.500:WARNING:pe_image_reader.cc(340)] could not read dos header from C:\Windows\system32\webio.dll
[0710/174823.500:ERROR:process_memory_win.cc(73)] ReadMemory at 0x7feff0e0000 of 64 bytes failed: Only part of a ReadProcessMemory or WriteProcessMemory request was completed. (0x12B)
[0710/174823.500:WARNING:pe_image_reader.cc(340)] could not read dos header from C:\Windows\system32\urlmon.dll
[0710/174823.501:ERROR:process_memory_win.cc(73)] ReadMemory at 0x7feff0e0000 of 64 bytes failed: Only part of a ReadProcessMemory or WriteProcessMemory request was completed. (0x12B)
[0710/174823.501:WARNING:pe_image_reader.cc(340)] could not read dos header from C:\Windows\system32\urlmon.dll
[0710/174823.501:ERROR:process_memory_win.cc(73)] ReadMemory at 0x7fefd670000 of 64 bytes failed: Only part of a ReadProcessMemory or WriteProcessMemory request was completed. (0x12B)
[0710/174823.501:WARNING:pe_image_reader.cc(340)] could not read dos header from C:\Windows\system32\api-ms-win-downlevel-ole32-l1-1-0.dll
[0710/174823.501:ERROR:process_memory_win.cc(73)] ReadMemory at 0x7fefd670000 of 64 bytes failed: Only part of a ReadProcessMemory or WriteProcessMemory request was completed. (0x12B)
[0710/174823.501:WARNING:pe_image_reader.cc(340)] could not read dos header from C:\Windows\system32\api-ms-win-downlevel-ole32-l1-1-0.dll
[0710/174823.501:ERROR:process_memory_win.cc(73)] ReadMemory at 0x7fefd320000 of 64 bytes failed: Only part of a ReadProcessMemory or WriteProcessMemory request was completed. (0x12B)
[0710/174823.501:WARNING:pe_image_reader.cc(340)] could not read dos header from C:\Windows\system32\api-ms-win-downlevel-shlwapi-l1-1-0.dll
[0710/174823.501:ERROR:process_memory_win.cc(73)] ReadMemory at 0x7fefd320000 of 64 bytes failed: Only part of a ReadProcessMemory or WriteProcessMemory request was completed. (0x12B)
[0710/174823.501:WARNING:pe_image_reader.cc(340)] could not read dos header from C:\Windows\system32\api-ms-win-downlevel-shlwapi-l1-1-0.dll
[0710/174823.501:ERROR:process_memory_win.cc(73)] ReadMemory at 0x7fefd330000 of 64 bytes failed: Only part of a ReadProcessMemory or WriteProcessMemory request was completed. (0x12B)
[0710/174823.501:WARNING:pe_image_reader.cc(340)] could not read dos header from C:\Windows\system32\api-ms-win-downlevel-advapi32-l1-1-0.dll
[0710/174823.501:ERROR:process_memory_win.cc(73)] ReadMemory at 0x7fefd330000 of 64 bytes failed: Only part of a ReadProcessMemory or WriteProcessMemory request was completed. (0x12B)
[0710/174823.501:WARNING:pe_image_reader.cc(340)] could not read dos header from C:\Windows\system32\api-ms-win-downlevel-advapi32-l1-1-0.dll
[0710/174823.501:ERROR:process_memory_win.cc(73)] ReadMemory at 0x7fefd620000 of 64 bytes failed: Only part of a ReadProcessMemory or WriteProcessMemory request was completed. (0x12B)
[0710/174823.501:WARNING:pe_image_reader.cc(340)] could not read dos header from C:\Windows\system32\api-ms-win-downlevel-user32-l1-1-0.dll
[0710/174823.501:ERROR:process_memory_win.cc(73)] ReadMemory at 0x7fefd620000 of 64 bytes failed: Only part of a ReadProcessMemory or WriteProcessMemory request was completed. (0x12B)
[0710/174823.501:WARNING:pe_image_reader.cc(340)] could not read dos header from C:\Windows\system32\api-ms-win-downlevel-user32-l1-1-0.dll
[0710/174823.501:ERROR:process_memory_win.cc(73)] ReadMemory at 0x7fefd610000 of 64 bytes failed: Only part of a ReadProcessMemory or WriteProcessMemory request was completed. (0x12B)
[0710/174823.501:WARNING:pe_image_reader.cc(340)] could not read dos header from C:\Windows\system32\api-ms-win-downlevel-version-l1-1-0.dll
[0710/174823.501:ERROR:process_memory_win.cc(73)] ReadMemory at 0x7fefd610000 of 64 bytes failed: Only part of a ReadProcessMemory or WriteProcessMemory request was completed. (0x12B)
[0710/174823.501:WARNING:pe_image_reader.cc(340)] could not read dos header from C:\Windows\system32\api-ms-win-downlevel-version-l1-1-0.dll
[0710/174823.501:ERROR:process_memory_win.cc(73)] ReadMemory at 0x7fefd3e0000 of 64 bytes failed: Only part of a ReadProcessMemory or WriteProcessMemory request was completed. (0x12B)
[0710/174823.501:WARNING:pe_image_reader.cc(340)] could not read dos header from C:\Windows\system32\api-ms-win-downlevel-normaliz-l1-1-0.dll
[0710/174823.501:ERROR:process_memory_win.cc(73)] ReadMemory at 0x7fefd3e0000 of 64 bytes failed: Only part of a ReadProcessMemory or WriteProcessMemory request was completed. (0x12B)
[0710/174823.501:WARNING:pe_image_reader.cc(340)] could not read dos header from C:\Windows\system32\api-ms-win-downlevel-normaliz-l1-1-0.dll
[0710/174823.501:ERROR:process_memory_win.cc(73)] ReadMemory at 0x776c0000 of 64 bytes failed: Only part of a ReadProcessMemory or WriteProcessMemory request was completed. (0x12B)
[0710/174823.501:WARNING:pe_image_reader.cc(340)] could not read dos header from C:\Windows\system32\normaliz.DLL
[0710/174823.501:ERROR:process_memory_win.cc(73)] ReadMemory at 0x776c0000 of 64 bytes failed: Only part of a ReadProcessMemory or WriteProcessMemory request was completed. (0x12B)
[0710/174823.501:WARNING:pe_image_reader.cc(340)] could not read dos header from C:\Windows\system32\normaliz.DLL
[0710/174823.501:ERROR:process_memory_win.cc(73)] ReadMemory at 0x7fefd680000 of 64 bytes failed: Only part of a ReadProcessMemory or WriteProcessMemory request was completed. (0x12B)
[0710/174823.501:WARNING:pe_image_reader.cc(340)] could not read dos header from C:\Windows\system32\iertutil.dll
[0710/174823.501:ERROR:process_memory_win.cc(73)] ReadMemory at 0x7fefd680000 of 64 bytes failed: Only part of a ReadProcessMemory or WriteProcessMemory request was completed. (0x12B)
[0710/174823.501:WARNING:pe_image_reader.cc(340)] could not read dos header from C:\Windows\system32\iertutil.dll
[0710/174823.501:ERROR:process_memory_win.cc(73)] ReadMemory at 0x7fefe890000 of 64 bytes failed: Only part of a ReadProcessMemory or WriteProcessMemory request was completed. (0x12B)
[0710/174823.501:WARNING:pe_image_reader.cc(340)] could not read dos header from C:\Windows\system32\WININET.dll
[0710/174823.501:ERROR:process_memory_win.cc(73)] ReadMemory at 0x7fefe890000 of 64 bytes failed: Only part of a ReadProcessMemory or WriteProcessMemory request was completed. (0x12B)
[0710/174823.501:WARNING:pe_image_reader.cc(340)] could not read dos header from C:\Windows\system32\WININET.dll
[0710/174823.501:ERROR:process_memory_win.cc(73)] ReadMemory at 0x7fefd0a0000 of 64 bytes failed: Only part of a ReadProcessMemory or WriteProcessMemory request was completed. (0x12B)
[0710/174823.501:WARNING:pe_image_reader.cc(340)] could not read dos header from C:\Windows\system32\Secur32.dll
[0710/174823.501:ERROR:process_memory_win.cc(73)] ReadMemory at 0x7fefd0a0000 of 64 bytes failed: Only part of a ReadProcessMemory or WriteProcessMemory request was completed. (0x12B)
[0710/174823.501:WARNING:pe_image_reader.cc(340)] could not read dos header from C:\Windows\system32\Secur32.dll
[0710/174823.501:ERROR:process_memory_win.cc(73)] ReadMemory at 0x7fefd0d0000 of 64 bytes failed: Only part of a ReadProcessMemory or WriteProcessMemory request was completed. (0x12B)
[0710/174823.501:WARNING:pe_image_reader.cc(340)] could not read dos header from C:\Windows\system32\SSPICLI.DLL
[0710/174823.501:ERROR:process_memory_win.cc(73)] ReadMemory at 0x7fefd0d0000 of 64 bytes failed: Only part of a ReadProcessMemory or WriteProcessMemory request was completed. (0x12B)
[0710/174823.501:WARNING:pe_image_reader.cc(340)] could not read dos header from C:\Windows\system32\SSPICLI.DLL
[0710/174823.501:ERROR:process_memory_win.cc(73)] ReadMemory at 0x7fefa640000 of 64 bytes failed: Only part of a ReadProcessMemory or WriteProcessMemory request was completed. (0x12B)
[0710/174823.501:WARNING:pe_image_reader.cc(340)] could not read dos header from C:\Windows\system32\dhcpcsvc.DLL
[0710/174823.501:ERROR:process_memory_win.cc(73)] ReadMemory at 0x7fefa640000 of 64 bytes failed: Only part of a ReadProcessMemory or WriteProcessMemory request was completed. (0x12B)
[0710/174823.501:WARNING:pe_image_reader.cc(340)] could not read dos header from C:\Windows\system32\dhcpcsvc.DLL
[0710/174823.501:ERROR:process_memory_win.cc(73)] ReadMemory at 0x7fefd160000 of 64 bytes failed: Only part of a ReadProcessMemory or WriteProcessMemory request was completed. (0x12B)
[0710/174823.501:WARNING:pe_image_reader.cc(340)] could not read dos header from C:\Windows\system32\cryptbase.dll
[0710/174823.502:ERROR:process_memory_win.cc(73)] ReadMemory at 0x7fefd160000 of 64 bytes failed: Only part of a ReadProcessMemory or WriteProcessMemory request was completed. (0x12B)
[0710/174823.502:WARNING:pe_image_reader.cc(340)] could not read dos header from C:\Windows\system32\cryptbase.dll
[0710/174825.857:ERROR:process_memory_win.cc(73)] ReadMemory at 0x13f8d0000 of 64 bytes failed: Only part of a ReadProcessMemory or WriteProcessMemory request was completed. (0x12B)
[0710/174825.857:WARNING:pe_image_reader.cc(340)] could not read dos header from C:\Program Files (x86)\Google\Chrome\Application\chrome.exe
[0710/174825.857:ERROR:process_memory_win.cc(73)] ReadMemory at 0x77500000 of 64 bytes failed: Only part of a ReadProcessMemory or WriteProcessMemory request was completed. (0x12B)
[0710/174825.857:WARNING:pe_image_reader.cc(340)] could not read dos header from C:\Windows\SYSTEM32\ntdll.dll
[0710/174825.857:ERROR:process_memory_win.cc(73)] ReadMemory at 0x772e0000 of 64 bytes failed: Only part of a ReadProcessMemory or WriteProcessMemory request was completed. (0x12B)
[0710/174825.857:WARNING:pe_image_reader.cc(340)] could not read dos header from C:\Windows\system32\KERNEL32.dll
[0710/174825.857:ERROR:process_memory_win.cc(73)] ReadMemory at 0x7fefd5a0000 of 64 bytes failed: Only part of a ReadProcessMemory or WriteProcessMemory request was completed. (0x12B)
[0710/174825.857:WARNING:pe_image_reader.cc(340)] could not read dos header from C:\Windows\system32\KERNELBASE.dll
[0710/174825.857:ERROR:process_memory_win.cc(73)] ReadMemory at 0x7fece640000 of 64 bytes failed: Only part of a ReadProcessMemory or WriteProcessMemory request was completed. (0x12B)
[0710/174825.857:WARNING:pe_image_reader.cc(340)] could not read dos header from C:\Program Files (x86)\Google\Chrome\Application\75.0.3770.100\chrome_elf.dll
[0710/174825.857:ERROR:process_memory_win.cc(73)] ReadMemory at 0x7fefc360000 of 64 bytes failed: Only part of a ReadProcessMemory or WriteProcessMemory request was completed. (0x12B)
[0710/174825.858:WARNING:pe_image_reader.cc(340)] could not read dos header from C:\Windows\system32\VERSION.dll
[0710/174825.858:ERROR:process_memory_win.cc(73)] ReadMemory at 0x7fefeae0000 of 64 bytes failed: Only part of a ReadProcessMemory or WriteProcessMemory request was completed. (0x12B)
[0710/174825.858:WARNING:pe_image_reader.cc(340)] could not read dos header from C:\Windows\system32\msvcrt.dll
[0710/174825.858:ERROR:process_memory_win.cc(73)] ReadMemory at 0x7fefdb00000 of 64 bytes failed: Only part of a ReadProcessMemory or WriteProcessMemory request was completed. (0x12B)
[0710/174825.858:WARNING:pe_image_reader.cc(340)] could not read dos header from C:\Windows\system32\SHELL32.dll
[0710/174825.858:ERROR:process_memory_win.cc(73)] ReadMemory at 0x7fefda80000 of 64 bytes failed: Only part of a ReadProcessMemory or WriteProcessMemory request was completed. (0x12B)
[0710/174825.858:WARNING:pe_image_reader.cc(340)] could not read dos header from C:\Windows\system32\SHLWAPI.dll
[0710/174825.858:ERROR:process_memory_win.cc(73)] ReadMemory at 0x7feff070000 of 64 bytes failed: Only part of a ReadProcessMemory or WriteProcessMemory request was completed. (0x12B)
[0710/174825.858:WARNING:pe_image_reader.cc(340)] could not read dos header from C:\Windows\system32\GDI32.dll
[0710/174825.858:ERROR:process_memory_win.cc(73)] ReadMemory at 0x570000 of 64 bytes failed: Only part of a ReadProcessMemory or WriteProcessMemory request was completed. (0x12B)
[0710/174825.858:WARNING:pe_image_reader.cc(340)] could not read dos header from C:\Windows\system32\USER32.dll
[0710/174825.858:ERROR:process_memory_win.cc(73)] ReadMemory at 0x7feff290000 of 64 bytes failed: Only part of a ReadProcessMemory or WriteProcessMemory request was completed. (0x12B)
[0710/174825.858:WARNING:pe_image_reader.cc(340)] could not read dos header from C:\Windows\system32\LPK.dll
[0710/174825.858:ERROR:process_memory_win.cc(73)] ReadMemory at 0x7feff6b0000 of 64 bytes failed: Only part of a ReadProcessMemory or WriteProcessMemory request was completed. (0x12B)
[0710/174825.858:WARNING:pe_image_reader.cc(340)] could not read dos header from C:\Windows\system32\USP10.dll
[0710/174825.858:ERROR:process_memory_win.cc(73)] ReadMemory at 0x7fefeb80000 of 64 bytes failed: Only part of a ReadProcessMemory or WriteProcessMemory request was completed. (0x12B)
[0710/174825.858:WARNING:pe_image_reader.cc(340)] could not read dos header from C:\Windows\system32\ADVAPI32.dll
[0710/174825.858:ERROR:process_memory_win.cc(73)] ReadMemory at 0x7feff270000 of 64 bytes failed: Only part of a ReadProcessMemory or WriteProcessMemory request was completed. (0x12B)
[0710/174825.858:WARNING:pe_image_reader.cc(340)] could not read dos header from C:\Windows\SYSTEM32\sechost.dll
[0710/174825.858:ERROR:process_memory_win.cc(73)] ReadMemory at 0x7fefd950000 of 64 bytes failed: Only part of a ReadProcessMemory or WriteProcessMemory request was completed. (0x12B)
[0710/174825.858:WARNING:pe_image_reader.cc(340)] could not read dos header from C:\Windows\system32\RPCRT4.dll
[0710/174825.859:ERROR:process_memory_win.cc(73)] ReadMemory at 0x7fefadc0000 of 64 bytes failed: Only part of a ReadProcessMemory or WriteProcessMemory request was completed. (0x12B)
[0710/174825.859:WARNING:pe_image_reader.cc(340)] could not read dos header from C:\Windows\system32\WINMM.dll
[0710/174825.859:ERROR:process_memory_win.cc(73)] ReadMemory at 0x7fefd3f0000 of 64 bytes failed: Only part of a ReadProcessMemory or WriteProcessMemory request was completed. (0x12B)
[0710/174825.859:WARNING:pe_image_reader.cc(340)] could not read dos header from C:\Windows\system32\USERENV.dll
[0710/174825.859:ERROR:process_memory_win.cc(73)] ReadMemory at 0x7fefd2c0000 of 64 bytes failed: Only part of a ReadProcessMemory or WriteProcessMemory request was completed. (0x12B)
[0710/174825.859:WARNING:pe_image_reader.cc(340)] could not read dos header from C:\Windows\system32\profapi.dll
[0710/174825.859:ERROR:process_memory_win.cc(73)] ReadMemory at 0x7fefc330000 of 64 bytes failed: Only part of a ReadProcessMemory or WriteProcessMemory request was completed. (0x12B)
[0710/174825.859:WARNING:pe_image_reader.cc(340)] could not read dos header from C:\Windows\system32\api-ms-win-core-synch-l1-2-0.DLL
[0710/174825.859:ERROR:process_memory_win.cc(73)] ReadMemory at 0x7feff780000 of 64 bytes failed: Only part of a ReadProcessMemory or WriteProcessMemory request was completed. (0x12B)
[0710/174825.859:WARNING:pe_image_reader.cc(340)] could not read dos header from C:\Windows\system32\IMM32.DLL
[0710/174825.859:ERROR:process_memory_win.cc(73)] ReadMemory at 0x7fefef60000 of 64 bytes failed: Only part of a ReadProcessMemory or WriteProcessMemory request was completed. (0x12B)
[0710/174825.859:WARNING:pe_image_reader.cc(340)] could not read dos header from C:\Windows\system32\MSCTF.dll
[0710/174825.859:ERROR:process_memory_win.cc(73)] ReadMemory at 0x7fec4bb0000 of 64 bytes failed: Only part of a ReadProcessMemory or WriteProcessMemory request was completed. (0x12B)
[0710/174825.859:WARNING:pe_image_reader.cc(340)] could not read dos header from C:\Program Files (x86)\Google\Chrome\Application\75.0.3770.100\chrome_child.dll
[0710/174825.859:ERROR:process_memory_win.cc(73)] ReadMemory at 0x7feff2a0000 of 64 bytes failed: Only part of a ReadProcessMemory or WriteProcessMemory request was completed. (0x12B)
[0710/174825.859:WARNING:pe_image_reader.cc(340)] could not read dos header from C:\Windows\system32\WS2_32.dll
[0710/174825.859:ERROR:process_memory_win.cc(73)] ReadMemory at 0x7feff5e0000 of 64 bytes failed: Only part of a ReadProcessMemory or WriteProcessMemory request was completed. (0x12B)
[0710/174825.859:WARNING:pe_image_reader.cc(340)] could not read dos header from C:\Windows\system32\NSI.dll
[0710/174825.859:ERROR:process_memory_win.cc(73)] ReadMemory at 0x7fefa8f0000 of 64 bytes failed: Only part of a ReadProcessMemory or WriteProcessMemory request was completed. (0x12B)
[0710/174825.859:WARNING:pe_image_reader.cc(340)] could not read dos header from C:\Windows\system32\IPHLPAPI.DLL
[0710/174825.859:ERROR:process_memory_win.cc(73)] ReadMemory at 0x7fefa8d0000 of 64 bytes failed: Only part of a ReadProcessMemory or WriteProcessMemory request was completed. (0x12B)
[0710/174825.860:WARNING:pe_image_reader.cc(340)] could not read dos header from C:\Windows\system32\WINNSI.DLL
[0710/174825.860:ERROR:process_memory_win.cc(73)] ReadMemory at 0x7feff3d0000 of 64 bytes failed: Only part of a ReadProcessMemory or WriteProcessMemory request was completed. (0x12B)
[0710/174825.860:WARNING:pe_image_reader.cc(340)] could not read dos header from C:\Windows\system32\ole32.dll
[0710/174825.860:ERROR:process_memory_win.cc(73)] ReadMemory at 0x7feff2f0000 of 64 bytes failed: Only part of a ReadProcessMemory or WriteProcessMemory request was completed. (0x12B)
[0710/174825.860:WARNING:pe_image_reader.cc(340)] could not read dos header from C:\Windows\system32\OLEAUT32.dll
[0710/174825.860:ERROR:process_memory_win.cc(73)] ReadMemory at 0x7fefb360000 of 64 bytes failed: Only part of a ReadProcessMemory or WriteProcessMemory request was completed. (0x12B)
[0710/174825.860:WARNING:pe_image_reader.cc(340)] could not read dos header from C:\Windows\system32\OLEACC.dll
[0710/174825.860:ERROR:process_memory_win.cc(73)] ReadMemory at 0x7fee0140000 of 64 bytes failed: Only part of a ReadProcessMemory or WriteProcessMemory request was completed. (0x12B)
[0710/174825.860:WARNING:pe_image_reader.cc(340)] could not read dos header from C:\Windows\system32\UIAutomationCore.DLL
[0710/174825.860:ERROR:process_memory_win.cc(73)] ReadMemory at 0x776d0000 of 64 bytes failed: Only part of a ReadProcessMemory or WriteProcessMemory request was completed. (0x12B)
[0710/174825.860:WARNING:pe_image_reader.cc(340)] could not read dos header from C:\Windows\system32\PSAPI.DLL
[0710/174825.860:ERROR:process_memory_win.cc(73)] ReadMemory at 0x7fefc460000 of 64 bytes failed: Only part of a ReadProcessMemory or WriteProcessMemory request was completed. (0x12B)
[0710/174825.860:WARNING:pe_image_reader.cc(340)] could not read dos header from C:\Windows\system32\WTSAPI32.dll
[0710/174825.860:ERROR:process_memory_win.cc(73)] ReadMemory at 0x7fefd630000 of 64 bytes failed: Only part of a ReadProcessMemory or WriteProcessMemory request was completed. (0x12B)
[0710/174825.860:WARNING:pe_image_reader.cc(340)] could not read dos header from C:\Windows\system32\WINTRUST.dll
[0710/174825.860:ERROR:process_memory_win.cc(73)] ReadMemory at 0x7fefd410000 of 64 bytes failed: Only part of a ReadProcessMemory or WriteProcessMemory request was completed. (0x12B)
[0710/174825.860:WARNING:pe_image_reader.cc(340)] could not read dos header from C:\Windows\system32\CRYPT32.dll
[0710/174825.860:ERROR:process_memory_win.cc(73)] ReadMemory at 0x7fefd2d0000 of 64 bytes failed: Only part of a ReadProcessMemory or WriteProcessMemory request was completed. (0x12B)
[0710/174825.860:WARNING:pe_image_reader.cc(340)] could not read dos header from C:\Windows\system32\MSASN1.dll
[0710/174825.860:ERROR:process_memory_win.cc(73)] ReadMemory at 0x7feecb60000 of 64 bytes failed: Only part of a ReadProcessMemory or WriteProcessMemory request was completed. (0x12B)
[0710/174825.860:WARNING:pe_image_reader.cc(340)] could not read dos header from C:\Windows\system32\DWrite.dll
[0710/174825.860:ERROR:process_memory_win.cc(73)] ReadMemory at 0x7fef5b60000 of 64 bytes failed: Only part of a ReadProcessMemory or WriteProcessMemory request was completed. (0x12B)
[0710/174825.861:WARNING:pe_image_reader.cc(340)] could not read dos header from C:\Windows\system32\dxgi.dll
[0710/174825.861:ERROR:process_memory_win.cc(73)] ReadMemory at 0x7fefc340000 of 64 bytes failed: Only part of a ReadProcessMemory or WriteProcessMemory request was completed. (0x12B)
[0710/174825.861:WARNING:pe_image_reader.cc(340)] could not read dos header from C:\Windows\system32\dwmapi.dll
[0710/174825.861:ERROR:process_memory_win.cc(73)] ReadMemory at 0x7fef57c0000 of 64 bytes failed: Only part of a ReadProcessMemory or WriteProcessMemory request was completed. (0x12B)
[0710/174825.861:WARNING:pe_image_reader.cc(340)] could not read dos header from C:\Windows\system32\WINSPOOL.DRV
[0710/174825.861:ERROR:process_memory_win.cc(73)] ReadMemory at 0x7fef97b0000 of 64 bytes failed: Only part of a ReadProcessMemory or WriteProcessMemory request was completed. (0x12B)
[0710/174825.861:WARNING:pe_image_reader.cc(340)] could not read dos header from C:\Windows\system32\dbghelp.dll
[0710/174825.861:ERROR:process_memory_win.cc(73)] ReadMemory at 0x7fefece0000 of 64 bytes failed: Only part of a ReadProcessMemory or WriteProcessMemory request was completed. (0x12B)
[0710/174825.861:WARNING:pe_image_reader.cc(340)] could not read dos header from C:\Windows\system32\COMDLG32.dll
[0710/174825.861:ERROR:process_memory_win.cc(73)] ReadMemory at 0x7fefbe40000 of 64 bytes failed: Only part of a ReadProcessMemory or WriteProcessMemory request was completed. (0x12B)
[0710/174825.861:WARNING:pe_image_reader.cc(340)] could not read dos header from C:\Windows\WinSxS\amd64_microsoft.windows.common-controls_6595b64144ccf1df_6.0.7601.17514_none_fa396087175ac9ac\COMCTL32.dll
[0710/174825.861:ERROR:process_memory_win.cc(73)] ReadMemory at 0x7fef99a0000 of 64 bytes failed: Only part of a ReadProcessMemory or WriteProcessMemory request was completed. (0x12B)
[0710/174825.861:WARNING:pe_image_reader.cc(340)] could not read dos header from C:\Windows\system32\WINHTTP.dll
[0710/174825.861:ERROR:process_memory_win.cc(73)] ReadMemory at 0x7fef9930000 of 64 bytes failed: Only part of a ReadProcessMemory or WriteProcessMemory request was completed. (0x12B)
[0710/174825.861:WARNING:pe_image_reader.cc(340)] could not read dos header from C:\Windows\system32\webio.dll
[0710/174825.861:ERROR:process_memory_win.cc(73)] ReadMemory at 0x7feff0e0000 of 64 bytes failed: Only part of a ReadProcessMemory or WriteProcessMemory request was completed. (0x12B)
[0710/174825.861:WARNING:pe_image_reader.cc(340)] could not read dos header from C:\Windows\system32\urlmon.dll
[0710/174825.861:ERROR:process_memory_win.cc(73)] ReadMemory at 0x7fefd670000 of 64 bytes failed: Only part of a ReadProcessMemory or WriteProcessMemory request was completed. (0x12B)
[0710/174825.861:WARNING:pe_image_reader.cc(340)] could not read dos header from C:\Windows\system32\api-ms-win-downlevel-ole32-l1-1-0.dll
[0710/174825.861:ERROR:process_memory_win.cc(73)] ReadMemory at 0x7fefd320000 of 64 bytes failed: Only part of a ReadProcessMemory or WriteProcessMemory request was completed. (0x12B)
[0710/174825.861:WARNING:pe_image_reader.cc(340)] could not read dos header from C:\Windows\system32\api-ms-win-downlevel-shlwapi-l1-1-0.dll
[0710/174825.861:ERROR:process_memory_win.cc(73)] ReadMemory at 0x7fefd330000 of 64 bytes failed: Only part of a ReadProcessMemory or WriteProcessMemory request was completed. (0x12B)
[0710/174825.862:WARNING:pe_image_reader.cc(340)] could not read dos header from C:\Windows\system32\api-ms-win-downlevel-advapi32-l1-1-0.dll
[0710/174825.862:ERROR:process_memory_win.cc(73)] ReadMemory at 0x7fefd620000 of 64 bytes failed: Only part of a ReadProcessMemory or WriteProcessMemory request was completed. (0x12B)
[0710/174825.862:WARNING:pe_image_reader.cc(340)] could not read dos header from C:\Windows\system32\api-ms-win-downlevel-user32-l1-1-0.dll
[0710/174825.862:ERROR:process_memory_win.cc(73)] ReadMemory at 0x7fefd610000 of 64 bytes failed: Only part of a ReadProcessMemory or WriteProcessMemory request was completed. (0x12B)
[0710/174825.862:WARNING:pe_image_reader.cc(340)] could not read dos header from C:\Windows\system32\api-ms-win-downlevel-version-l1-1-0.dll
[0710/174825.862:ERROR:process_memory_win.cc(73)] ReadMemory at 0x7fefd3e0000 of 64 bytes failed: Only part of a ReadProcessMemory or WriteProcessMemory request was completed. (0x12B)
[0710/174825.862:WARNING:pe_image_reader.cc(340)] could not read dos header from C:\Windows\system32\api-ms-win-downlevel-normaliz-l1-1-0.dll
[0710/174825.862:ERROR:process_memory_win.cc(73)] ReadMemory at 0x776c0000 of 64 bytes failed: Only part of a ReadProcessMemory or WriteProcessMemory request was completed. (0x12B)
[0710/174825.862:WARNING:pe_image_reader.cc(340)] could not read dos header from C:\Windows\system32\normaliz.DLL
[0710/174825.862:ERROR:process_memory_win.cc(73)] ReadMemory at 0x7fefd680000 of 64 bytes failed: Only part of a ReadProcessMemory or WriteProcessMemory request was completed. (0x12B)
[0710/174825.862:WARNING:pe_image_reader.cc(340)] could not read dos header from C:\Windows\system32\iertutil.dll
[0710/174825.862:ERROR:process_memory_win.cc(73)] ReadMemory at 0x7fefe890000 of 64 bytes failed: Only part of a ReadProcessMemory or WriteProcessMemory request was completed. (0x12B)
[0710/174825.862:WARNING:pe_image_reader.cc(340)] could not read dos header from C:\Windows\system32\WININET.dll
[0710/174825.862:ERROR:process_memory_win.cc(73)] ReadMemory at 0x7fefd0a0000 of 64 bytes failed: Only part of a ReadProcessMemory or WriteProcessMemory request was completed. (0x12B)
[0710/174825.862:WARNING:pe_image_reader.cc(340)] could not read dos header from C:\Windows\system32\Secur32.dll
[0710/174825.862:ERROR:process_memory_win.cc(73)] ReadMemory at 0x7fefd0d0000 of 64 bytes failed: Only part of a ReadProcessMemory or WriteProcessMemory request was completed. (0x12B)
[0710/174825.862:WARNING:pe_image_reader.cc(340)] could not read dos header from C:\Windows\system32\SSPICLI.DLL
[0710/174825.862:ERROR:process_memory_win.cc(73)] ReadMemory at 0x7fefa640000 of 64 bytes failed: Only part of a ReadProcessMemory or WriteProcessMemory request was completed. (0x12B)
[0710/174825.862:WARNING:pe_image_reader.cc(340)] could not read dos header from C:\Windows\system32\dhcpcsvc.DLL
[0710/174825.862:ERROR:process_memory_win.cc(73)] ReadMemory at 0x7fefd160000 of 64 bytes failed: Only part of a ReadProcessMemory or WriteProcessMemory request was completed. (0x12B)
[0710/174825.862:WARNING:pe_image_reader.cc(340)] could not read dos header from C:\Windows\system32\cryptbase.dll
[0710/174825.899:ERROR:process_memory_win.cc(73)] ReadMemory at 0x31d000 of 77824 bytes failed: Only part of a ReadProcessMemory or WriteProcessMemory request was completed. (0x12B)
[0710/174825.899:ERROR:process_memory_win.cc(73)] ReadMemory at 0x306d000 of 12288 bytes failed: Only part of a ReadProcessMemory or WriteProcessMemory request was completed. (0x12B)
[0710/174825.899:ERROR:process_memory_win.cc(73)] ReadMemory at 0x350c000 of 16384 bytes failed: Only part of a ReadProcessMemory or WriteProcessMemory request was completed. (0x12B)
[0710/174825.899:ERROR:process_memory_win.cc(73)] ReadMemory at 0x387c000 of 16384 bytes failed: Only part of a ReadProcessMemory or WriteProcessMemory request was completed. (0x12B)
[0710/174825.899:ERROR:process_memory_win.cc(73)] ReadMemory at 0x3a8f000 of 4096 bytes failed: Only part of a ReadProcessMemory or WriteProcessMemory request was completed. (0x12B)
[0710/174825.900:ERROR:process_memory_win.cc(73)] ReadMemory at 0x3dce000 of 8192 bytes failed: Only part of a ReadProcessMemory or WriteProcessMemory request was completed. (0x12B)
[0710/174825.900:ERROR:process_memory_win.cc(73)] ReadMemory at 0x41bd000 of 12288 bytes failed: Only part of a ReadProcessMemory or WriteProcessMemory request was completed. (0x12B)
[0710/174825.900:ERROR:process_memory_win.cc(73)] ReadMemory at 0x45eb000 of 20480 bytes failed: Only part of a ReadProcessMemory or WriteProcessMemory request was completed. (0x12B)
[0710/174825.900:ERROR:process_memory_win.cc(73)] ReadMemory at 0x4d77000 of 36864 bytes failed: Only part of a ReadProcessMemory or WriteProcessMemory request was completed. (0x12B)
[0710/174825.900:ERROR:process_memory_win.cc(73)] ReadMemory at 0x5137000 of 36864 bytes failed: Only part of a ReadProcessMemory or WriteProcessMemory request was completed. (0x12B)
[0710/174825.900:ERROR:process_memory_win.cc(73)] ReadMemory at 0x53bd000 of 12288 bytes failed: Only part of a ReadProcessMemory or WriteProcessMemory request was completed. (0x12B)
[0710/174825.900:ERROR:process_memory_win.cc(73)] ReadMemory at 0x560b000 of 20480 bytes failed: Only part of a ReadProcessMemory or WriteProcessMemory request was completed. (0x12B)
[0710/174825.900:ERROR:process_memory_win.cc(73)] ReadMemory at 0x328d000 of 12288 bytes failed: Only part of a ReadProcessMemory or WriteProcessMemory request was completed. (0x12B)
[0710/174825.900:ERROR:process_memory_win.cc(73)] ReadMemory at 0x489c000 of 16384 bytes failed: Only part of a ReadProcessMemory or WriteProcessMemory request was completed. (0x12B)
[0710/174825.900:ERROR:process_memory_win.cc(73)] ReadMemory at 0x703c000 of 16384 bytes failed: Only part of a ReadProcessMemory or WriteProcessMemory request was completed. (0x12B)
[0710/174825.901:ERROR:process_memory_win.cc(73)] ReadMemory at 0x832e000 of 8192 bytes failed: Only part of a ReadProcessMemory or WriteProcessMemory request was completed. (0x12B)
[0710/174825.901:ERROR:process_memory_win.cc(73)] ReadMemory at 0x10000 of 384 bytes failed: Only part of a ReadProcessMemory or WriteProcessMemory request was completed. (0x12B)
[0710/174825.901:ERROR:process_memory_win.cc(73)] ReadMemory at 0x351320 of 22024 bytes failed: Only part of a ReadProcessMemory or WriteProcessMemory request was completed. (0x12B)
[0710/174825.901:ERROR:process_memory_win.cc(73)] ReadMemory at 0x356930 of 1012 bytes failed: Only part of a ReadProcessMemory or WriteProcessMemory request was completed. (0x12B)
[0710/174825.901:ERROR:process_memory_win.cc(73)] ReadMemory at 0x356f38 of 2280 bytes failed: Only part of a ReadProcessMemory or WriteProcessMemory request was completed. (0x12B)
[0710/174825.901:ERROR:process_memory_win.cc(73)] ReadMemory at 0x357822 of 118 bytes failed: Only part of a ReadProcessMemory or WriteProcessMemory request was completed. (0x12B)
[0710/174825.901:ERROR:process_memory_win.cc(73)] ReadMemory at 0x35789a of 954 bytes failed: Only part of a ReadProcessMemory or WriteProcessMemory request was completed. (0x12B)
[0710/174825.901:ERROR:process_memory_win.cc(73)] ReadMemory at 0x357c56 of 118 bytes failed: Only part of a ReadProcessMemory or WriteProcessMemory request was completed. (0x12B)
[0710/174825.901:ERROR:process_memory_win.cc(73)] ReadMemory at 0x357cce of 96 bytes failed: Only part of a ReadProcessMemory or WriteProcessMemory request was completed. (0x12B)
[0710/174825.901:ERROR:process_memory_win.cc(73)] ReadMemory at 0x357d40 of 58 bytes failed: Only part of a ReadProcessMemory or WriteProcessMemory request was completed. (0x12B)
[0710/174825.901:ERROR:process_memory_win.cc(73)] ReadMemory at 0x357dd0 of 132 bytes failed: Only part of a ReadProcessMemory or WriteProcessMemory request was completed. (0x12B)
[0710/174825.901:ERROR:process_memory_win.cc(73)] ReadMemory at 0x357ec0 of 132 bytes failed: Only part of a ReadProcessMemory or WriteProcessMemory request was completed. (0x12B)
[0710/174825.901:ERROR:process_memory_win.cc(73)] ReadMemory at 0x357fd8 of 126 bytes failed: Only part of a ReadProcessMemory or WriteProcessMemory request was completed. (0x12B)
[0710/174825.901:ERROR:process_memory_win.cc(73)] ReadMemory at 0x3582c0 of 132 bytes failed: Only part of a ReadProcessMemory or WriteProcessMemory request was completed. (0x12B)
[0710/174825.901:ERROR:process_memory_win.cc(73)] ReadMemory at 0x3583b0 of 132 bytes failed: Only part of a ReadProcessMemory or WriteProcessMemory request was completed. (0x12B)
[0710/174825.901:ERROR:process_memory_win.cc(73)] ReadMemory at 0x358650 of 64 bytes failed: Only part of a ReadProcessMemory or WriteProcessMemory request was completed. (0x12B)
[0710/174825.901:ERROR:process_memory_win.cc(73)] ReadMemory at 0x3586d0 of 68 bytes failed: Only part of a ReadProcessMemory or WriteProcessMemory request was completed. (0x12B)
[0710/174825.901:ERROR:process_memory_win.cc(73)] ReadMemory at 0x36039f of 512 bytes failed: Only part of a ReadProcessMemory or WriteProcessMemory request was completed. (0x12B)
[0710/174825.901:ERROR:process_memory_win.cc(73)] ReadMemory at 0x398af0 of 62 bytes failed: Only part of a ReadProcessMemory or WriteProcessMemory request was completed. (0x12B)
[0710/174825.901:ERROR:process_memory_win.cc(73)] ReadMemory at 0x398b40 of 60 bytes failed: Only part of a ReadProcessMemory or WriteProcessMemory request was completed. (0x12B)
[0710/174825.901:ERROR:process_memory_win.cc(73)] ReadMemory at 0x398be0 of 62 bytes failed: Only part of a ReadProcessMemory or WriteProcessMemory request was completed. (0x12B)
[0710/174825.901:ERROR:process_memory_win.cc(73)] ReadMemory at 0x398c30 of 62 bytes failed: Only part of a ReadProcessMemory or WriteProcessMemory request was completed. (0x12B)
[0710/174825.901:ERROR:process_memory_win.cc(73)] ReadMemory at 0x398c80 of 58 bytes failed: Only part of a ReadProcessMemory or WriteProcessMemory request was completed. (0x12B)
[0710/174825.902:ERROR:process_memory_win.cc(73)] ReadMemory at 0x398cd0 of 60 bytes failed: Only part of a ReadProcessMemory or WriteProcessMemory request was completed. (0x12B)
[0710/174825.902:ERROR:process_memory_win.cc(73)] ReadMemory at 0x398d20 of 58 bytes failed: Only part of a ReadProcessMemory or WriteProcessMemory request was completed. (0x12B)
[0710/174825.902:ERROR:process_memory_win.cc(73)] ReadMemory at 0x398d70 of 64 bytes failed: Only part of a ReadProcessMemory or WriteProcessMemory request was completed. (0x12B)
[0710/174825.902:ERROR:process_memory_win.cc(73)] ReadMemory at 0x398dc0 of 62 bytes failed: Only part of a ReadProcessMemory or WriteProcessMemory request was completed. (0x12B)
[0710/174825.902:ERROR:process_memory_win.cc(73)] ReadMemory at 0x398e10 of 60 bytes failed: Only part of a ReadProcessMemory or WriteProcessMemory request was completed. (0x12B)
[0710/174825.902:ERROR:process_memory_win.cc(73)] ReadMemory at 0x398e60 of 58 bytes failed: Only part of a ReadProcessMemory or WriteProcessMemory request was completed. (0x12B)
[0710/174825.902:ERROR:process_memory_win.cc(73)] ReadMemory at 0x398eb0 of 62 bytes failed: Only part of a ReadProcessMemory or WriteProcessMemory request was completed. (0x12B)
[0710/174825.902:ERROR:process_memory_win.cc(73)] ReadMemory at 0x398f00 of 62 bytes failed: Only part of a ReadProcessMemory or WriteProcessMemory request was completed. (0x12B)
[0710/174825.902:ERROR:process_memory_win.cc(73)] ReadMemory at 0x398f50 of 60 bytes failed: Only part of a ReadProcessMemory or WriteProcessMemory request was completed. (0x12B)
[0710/174825.902:ERROR:process_memory_win.cc(73)] ReadMemory at 0x398fa0 of 58 bytes failed: Only part of a ReadProcessMemory or WriteProcessMemory request was completed. (0x12B)
[0710/174825.902:ERROR:process_memory_win.cc(73)] ReadMemory at 0x398ff0 of 58 bytes failed: Only part of a ReadProcessMemory or WriteProcessMemory request was completed. (0x12B)
[0710/174825.902:ERROR:process_memory_win.cc(73)] ReadMemory at 0x399040 of 64 bytes failed: Only part of a ReadProcessMemory or WriteProcessMemory request was completed. (0x12B)
[0710/174825.902:ERROR:process_memory_win.cc(73)] ReadMemory at 0x399090 of 60 bytes failed: Only part of a ReadProcessMemory or WriteProcessMemory request was completed. (0x12B)
[0710/174825.902:ERROR:process_memory_win.cc(73)] ReadMemory at 0x3990e0 of 58 bytes failed: Only part of a ReadProcessMemory or WriteProcessMemory request was completed. (0x12B)
[0710/174825.902:ERROR:process_memory_win.cc(73)] ReadMemory at 0x399130 of 64 bytes failed: Only part of a ReadProcessMemory or WriteProcessMemory request was completed. (0x12B)
[0710/174825.902:ERROR:process_memory_win.cc(73)] ReadMemory at 0x399180 of 60 bytes failed: Only part of a ReadProcessMemory or WriteProcessMemory request was completed. (0x12B)
[0710/174825.902:ERROR:process_memory_win.cc(73)] ReadMemory at 0x3991d0 of 58 bytes failed: Only part of a ReadProcessMemory or WriteProcessMemory request was completed. (0x12B)
[0710/174825.902:ERROR:process_memory_win.cc(73)] ReadMemory at 0x399220 of 64 bytes failed: Only part of a ReadProcessMemory or WriteProcessMemory request was completed. (0x12B)
[0710/174825.902:ERROR:process_memory_win.cc(73)] ReadMemory at 0x399270 of 64 bytes failed: Only part of a ReadProcessMemory or WriteProcessMemory request was completed. (0x12B)
[0710/174825.902:ERROR:process_memory_win.cc(73)] ReadMemory at 0x3992c0 of 62 bytes failed: Only part of a ReadProcessMemory or WriteProcessMemory request was completed. (0x12B)
[0710/174825.902:ERROR:process_memory_win.cc(73)] ReadMemory at 0x399310 of 60 bytes failed: Only part of a ReadProcessMemory or WriteProcessMemory request was completed. (0x12B)
[0710/174825.902:ERROR:process_memory_win.cc(73)] ReadMemory at 0x399360 of 60 bytes failed: Only part of a ReadProcessMemory or WriteProcessMemory request was completed. (0x12B)
[0710/174825.902:ERROR:process_memory_win.cc(73)] ReadMemory at 0x3993b0 of 56 bytes failed: Only part of a ReadProcessMemory or WriteProcessMemory request was completed. (0x12B)
[0710/174825.902:ERROR:process_memory_win.cc(73)] ReadMemory at 0x399400 of 60 bytes failed: Only part of a ReadProcessMemory or WriteProcessMemory request was completed. (0x12B)
[0710/174825.902:ERROR:process_memory_win.cc(73)] ReadMemory at 0x399450 of 64 bytes failed: Only part of a ReadProcessMemory or WriteProcessMemory request was completed. (0x12B)
[0710/174825.902:ERROR:process_memory_win.cc(73)] ReadMemory at 0x3994a0 of 62 bytes failed: Only part of a ReadProcessMemory or WriteProcessMemory request was completed. (0x12B)
[0710/174825.902:ERROR:process_memory_win.cc(73)] ReadMemory at 0x3994f0 of 64 bytes failed: Only part of a ReadProcessMemory or WriteProcessMemory request was completed. (0x12B)
[0710/174825.902:ERROR:process_memory_win.cc(73)] ReadMemory at 0x399a40 of 54 bytes failed: Only part of a ReadProcessMemory or WriteProcessMemory request was completed. (0x12B)
[0710/174825.902:ERROR:process_memory_win.cc(73)] ReadMemory at 0x39b620 of 132 bytes failed: Only part of a ReadProcessMemory or WriteProcessMemory request was completed. (0x12B)
[0710/174825.902:ERROR:process_memory_win.cc(73)] ReadMemory at 0x39b820 of 154 bytes failed: Only part of a ReadProcessMemory or WriteProcessMemory request was completed. (0x12B)
[0710/174825.903:ERROR:process_memory_win.cc(73)] ReadMemory at 0x39b8d0 of 132 bytes failed: Only part of a ReadProcessMemory or WriteProcessMemory request was completed. (0x12B)
[0710/174825.903:ERROR:process_memory_win.cc(73)] ReadMemory at 0x39bbe0 of 132 bytes failed: Only part of a ReadProcessMemory or WriteProcessMemory request was completed. (0x12B)
[0710/174825.903:ERROR:process_memory_win.cc(73)] ReadMemory at 0x39d240 of 132 bytes failed: Only part of a ReadProcessMemory or WriteProcessMemory request was completed. (0x12B)
[0710/174825.903:ERROR:process_memory_win.cc(73)] ReadMemory at 0x39d330 of 132 bytes failed: Only part of a ReadProcessMemory or WriteProcessMemory request was completed. (0x12B)
[0710/174825.903:ERROR:process_memory_win.cc(73)] ReadMemory at 0x39d420 of 132 bytes failed: Only part of a ReadProcessMemory or WriteProcessMemory request was completed. (0x12B)
[0710/174825.903:ERROR:process_memory_win.cc(73)] ReadMemory at 0x39d510 of 132 bytes failed: Only part of a ReadProcessMemory or WriteProcessMemory request was completed. (0x12B)
[0710/174825.903:ERROR:process_memory_win.cc(73)] ReadMemory at 0x39d600 of 132 bytes failed: Only part of a ReadProcessMemory or WriteProcessMemory request was completed. (0x12B)
[0710/174825.903:ERROR:process_memory_win.cc(73)] ReadMemory at 0x39d6f0 of 132 bytes failed: Only part of a ReadProcessMemory or WriteProcessMemory request was completed. (0x12B)
[0710/174825.903:ERROR:process_memory_win.cc(73)] ReadMemory at 0x39d7e0 of 132 bytes failed: Only part of a ReadProcessMemory or WriteProcessMemory request was completed. (0x12B)
[0710/174825.903:ERROR:process_memory_win.cc(73)] ReadMemory at 0x39e300 of 132 bytes failed: Only part of a ReadProcessMemory or WriteProcessMemory request was completed. (0x12B)
[0710/174825.903:ERROR:process_memory_win.cc(73)] ReadMemory at 0x39e420 of 132 bytes failed: Only part of a ReadProcessMemory or WriteProcessMemory request was completed. (0x12B)
[0710/174825.903:ERROR:process_memory_win.cc(73)] ReadMemory at 0x39e510 of 132 bytes failed: Only part of a ReadProcessMemory or WriteProcessMemory request was completed. (0x12B)
[0710/174825.903:ERROR:process_memory_win.cc(73)] ReadMemory at 0x39e600 of 132 bytes failed: Only part of a ReadProcessMemory or WriteProcessMemory request was completed. (0x12B)
[0710/174825.903:ERROR:process_memory_win.cc(73)] ReadMemory at 0x39e6f0 of 132 bytes failed: Only part of a ReadProcessMemory or WriteProcessMemory request was completed. (0x12B)
[0710/174825.903:ERROR:process_memory_win.cc(73)] ReadMemory at 0x39e7e0 of 132 bytes failed: Only part of a ReadProcessMemory or WriteProcessMemory request was completed. (0x12B)
[0710/174825.903:ERROR:process_memory_win.cc(73)] ReadMemory at 0x39e8d0 of 132 bytes failed: Only part of a ReadProcessMemory or WriteProcessMemory request was completed. (0x12B)
[0710/174825.903:ERROR:process_memory_win.cc(73)] ReadMemory at 0x39e9c0 of 132 bytes failed: Only part of a ReadProcessMemory or WriteProcessMemory request was completed. (0x12B)
[0710/174825.903:ERROR:process_memory_win.cc(73)] ReadMemory at 0x39eab0 of 132 bytes failed: Only part of a ReadProcessMemory or WriteProcessMemory request was completed. (0x12B)
[0710/174825.904:ERROR:process_memory_win.cc(73)] ReadMemory at 0x39eba0 of 132 bytes failed: Only part of a ReadProcessMemory or WriteProcessMemory request was completed. (0x12B)
[0710/174825.904:ERROR:process_memory_win.cc(73)] ReadMemory at 0x39ec90 of 132 bytes failed: Only part of a ReadProcessMemory or WriteProcessMemory request was completed. (0x12B)
[0710/174825.904:ERROR:process_memory_win.cc(73)] ReadMemory at 0x39ed80 of 132 bytes failed: Only part of a ReadProcessMemory or WriteProcessMemory request was completed. (0x12B)
[0710/174825.904:ERROR:process_memory_win.cc(73)] ReadMemory at 0x39ee70 of 132 bytes failed: Only part of a ReadProcessMemory or WriteProcessMemory request was completed. (0x12B)
[0710/174825.904:ERROR:process_memory_win.cc(73)] ReadMemory at 0x39ef60 of 132 bytes failed: Only part of a ReadProcessMemory or WriteProcessMemory request was completed. (0x12B)
[0710/174825.904:ERROR:process_memory_win.cc(73)] ReadMemory at 0x39f050 of 132 bytes failed: Only part of a ReadProcessMemory or WriteProcessMemory request was completed. (0x12B)
[0710/174825.904:ERROR:process_memory_win.cc(73)] ReadMemory at 0x39f140 of 132 bytes failed: Only part of a ReadProcessMemory or WriteProcessMemory request was completed. (0x12B)
[0710/174825.904:ERROR:process_memory_win.cc(73)] ReadMemory at 0x39f230 of 132 bytes failed: Only part of a ReadProcessMemory or WriteProcessMemory request was completed. (0x12B)
[0710/174825.904:ERROR:process_memory_win.cc(73)] ReadMemory at 0x39f320 of 132 bytes failed: Only part of a ReadProcessMemory or WriteProcessMemory request was completed. (0x12B)
[0710/174825.904:ERROR:process_memory_win.cc(73)] ReadMemory at 0x39f410 of 132 bytes failed: Only part of a ReadProcessMemory or WriteProcessMemory request was completed. (0x12B)
[0710/174825.904:ERROR:process_memory_win.cc(73)] ReadMemory at 0x39f500 of 132 bytes failed: Only part of a ReadProcessMemory or WriteProcessMemory request was completed. (0x12B)
[0710/174825.904:ERROR:process_memory_win.cc(73)] ReadMemory at 0x39f5f0 of 132 bytes failed: Only part of a ReadProcessMemory or WriteProcessMemory request was completed. (0x12B)
[0710/174825.904:ERROR:process_memory_win.cc(73)] ReadMemory at 0x39f6e0 of 132 bytes failed: Only part of a ReadProcessMemory or WriteProcessMemory request was completed. (0x12B)
[0710/174825.904:ERROR:process_memory_win.cc(73)] ReadMemory at 0x39f7d0 of 132 bytes failed: Only part of a ReadProcessMemory or WriteProcessMemory request was completed. (0x12B)
[0710/174825.904:ERROR:process_memory_win.cc(73)] ReadMemory at 0x39f8c0 of 132 bytes failed: Only part of a ReadProcessMemory or WriteProcessMemory request was completed. (0x12B)
[0710/174825.904:ERROR:process_memory_win.cc(73)] ReadMemory at 0x39f9b0 of 132 bytes failed: Only part of a ReadProcessMemory or WriteProcessMemory request was completed. (0x12B)
[0710/174825.904:ERROR:process_memory_win.cc(73)] ReadMemory at 0x39faa0 of 132 bytes failed: Only part of a ReadProcessMemory or WriteProcessMemory request was completed. (0x12B)
[0710/174825.904:ERROR:process_memory_win.cc(73)] ReadMemory at 0x39fb90 of 132 bytes failed: Only part of a ReadProcessMemory or WriteProcessMemory request was completed. (0x12B)
[0710/174825.904:ERROR:process_memory_win.cc(73)] ReadMemory at 0x39fc80 of 132 bytes failed: Only part of a ReadProcessMemory or WriteProcessMemory request was completed. (0x12B)
[0710/174825.904:ERROR:process_memory_win.cc(73)] ReadMemory at 0x39fd70 of 132 bytes failed: Only part of a ReadProcessMemory or WriteProcessMemory request was completed. (0x12B)
[0710/174825.904:ERROR:process_memory_win.cc(73)] ReadMemory at 0x39fe60 of 132 bytes failed: Only part of a ReadProcessMemory or WriteProcessMemory request was completed. (0x12B)
[0710/174825.904:ERROR:process_memory_win.cc(73)] ReadMemory at 0x39ff50 of 132 bytes failed: Only part of a ReadProcessMemory or WriteProcessMemory request was completed. (0x12B)
[0710/174825.904:ERROR:process_memory_win.cc(73)] ReadMemory at 0x3a0040 of 132 bytes failed: Only part of a ReadProcessMemory or WriteProcessMemory request was completed. (0x12B)
[0710/174825.904:ERROR:process_memory_win.cc(73)] ReadMemory at 0x3a0130 of 132 bytes failed: Only part of a ReadProcessMemory or WriteProcessMemory request was completed. (0x12B)
[0710/174825.904:ERROR:process_memory_win.cc(73)] ReadMemory at 0x3a0220 of 132 bytes failed: Only part of a ReadProcessMemory or WriteProcessMemory request was completed. (0x12B)
[0710/174825.904:ERROR:process_memory_win.cc(73)] ReadMemory at 0x3a03f0 of 104 bytes failed: Only part of a ReadProcessMemory or WriteProcessMemory request was completed. (0x12B)
[0710/174825.904:ERROR:process_memory_win.cc(73)] ReadMemory at 0x3a05e0 of 80 bytes failed: Only part of a ReadProcessMemory or WriteProcessMemory request was completed. (0x12B)
[0710/174825.904:ERROR:process_memory_win.cc(73)] ReadMemory at 0x3ab2c0 of 54 bytes failed: Only part of a ReadProcessMemory or WriteProcessMemory request was completed. (0x12B)
[0710/174825.905:ERROR:process_memory_win.cc(73)] ReadMemory at 0x3acc10 of 158 bytes failed: Only part of a ReadProcessMemory or WriteProcessMemory request was completed. (0x12B)
[0710/174825.905:ERROR:process_memory_win.cc(73)] ReadMemory at 0x3ae5d0 of 114 bytes failed: Only part of a ReadProcessMemory or WriteProcessMemory request was completed. (0x12B)
[0710/174825.905:ERROR:process_memory_win.cc(73)] ReadMemory at 0x3ae650 of 118 bytes failed: Only part of a ReadProcessMemory or WriteProcessMemory request was completed. (0x12B)
[0710/174825.905:ERROR:process_memory_win.cc(73)] ReadMemory at 0x3ae6d0 of 120 bytes failed: Only part of a ReadProcessMemory or WriteProcessMemory request was completed. (0x12B)
[0710/174825.905:ERROR:process_memory_win.cc(73)] ReadMemory at 0x3ae760 of 116 bytes failed: Only part of a ReadProcessMemory or WriteProcessMemory request was completed. (0x12B)
[0710/174825.905:ERROR:process_memory_win.cc(73)] ReadMemory at 0x3ae800 of 248 bytes failed: Only part of a ReadProcessMemory or WriteProcessMemory request was completed. (0x12B)
[0710/174825.905:ERROR:process_memory_win.cc(73)] ReadMemory at 0x3ae910 of 118 bytes failed: Only part of a ReadProcessMemory or WriteProcessMemory request was completed. (0x12B)
[0710/174825.905:ERROR:process_memory_win.cc(73)] ReadMemory at 0x3ae990 of 120 bytes failed: Only part of a ReadProcessMemory or WriteProcessMemory request was completed. (0x12B)
[0710/174825.905:ERROR:process_memory_win.cc(73)] ReadMemory at 0x3aeb70 of 62 bytes failed: Only part of a ReadProcessMemory or WriteProcessMemory request was completed. (0x12B)
[0710/174825.905:ERROR:process_memory_win.cc(73)] ReadMemory at 0x3aebc0 of 58 bytes failed: Only part of a ReadProcessMemory or WriteProcessMemory request was completed. (0x12B)
[0710/174825.905:ERROR:process_memory_win.cc(73)] ReadMemory at 0x3aec10 of 60 bytes failed: Only part of a ReadProcessMemory or WriteProcessMemory request was completed. (0x12B)
[0710/174825.905:ERROR:process_memory_win.cc(73)] ReadMemory at 0x3aec60 of 64 bytes failed: Only part of a ReadProcessMemory or WriteProcessMemory request was completed. (0x12B)
[0710/174825.905:ERROR:process_memory_win.cc(73)] ReadMemory at 0x3aecb0 of 64 bytes failed: Only part of a ReadProcessMemory or WriteProcessMemory request was completed. (0x12B)
[0710/174825.905:ERROR:process_memory_win.cc(73)] ReadMemory at 0x3aed50 of 62 bytes failed: Only part of a ReadProcessMemory or WriteProcessMemory request was completed. (0x12B)
[0710/174825.905:ERROR:process_memory_win.cc(73)] ReadMemory at 0x3aeda0 of 62 bytes failed: Only part of a ReadProcessMemory or WriteProcessMemory request was completed. (0x12B)
[0710/174825.905:ERROR:process_memory_win.cc(73)] ReadMemory at 0x3aedf0 of 62 bytes failed: Only part of a ReadProcessMemory or WriteProcessMemory request was completed. (0x12B)
[0710/174825.905:ERROR:process_memory_win.cc(73)] ReadMemory at 0x3aee40 of 64 bytes failed: Only part of a ReadProcessMemory or WriteProcessMemory request was completed. (0x12B)
[0710/174825.905:ERROR:process_memory_win.cc(73)] ReadMemory at 0x3b0770 of 132 bytes failed: Only part of a ReadProcessMemory or WriteProcessMemory request was completed. (0x12B)
[0710/174825.905:ERROR:process_memory_win.cc(73)] ReadMemory at 0x3b0860 of 132 bytes failed: Only part of a ReadProcessMemory or WriteProcessMemory request was completed. (0x12B)
[0710/174825.905:ERROR:process_memory_win.cc(73)] ReadMemory at 0x3b0950 of 132 bytes failed: Only part of a ReadProcessMemory or WriteProcessMemory request was completed. (0x12B)
[0710/174825.905:ERROR:process_memory_win.cc(73)] ReadMemory at 0x3b0a40 of 132 bytes failed: Only part of a ReadProcessMemory or WriteProcessMemory request was completed. (0x12B)
[0710/174825.905:ERROR:process_memory_win.cc(73)] ReadMemory at 0x3b0b30 of 132 bytes failed: Only part of a ReadProcessMemory or WriteProcessMemory request was completed. (0x12B)
[0710/174825.905:ERROR:process_memory_win.cc(73)] ReadMemory at 0x3b0c20 of 132 bytes failed: Only part of a ReadProcessMemory or WriteProcessMemory request was completed. (0x12B)
[0710/174825.905:ERROR:process_memory_win.cc(73)] ReadMemory at 0x3b0d10 of 132 bytes failed: Only part of a ReadProcessMemory or WriteProcessMemory request was completed. (0x12B)
[0710/174825.905:ERROR:process_memory_win.cc(73)] ReadMemory at 0x3b0e00 of 132 bytes failed: Only part of a ReadProcessMemory or WriteProcessMemory request was completed. (0x12B)
[0710/174825.905:ERROR:process_memory_win.cc(73)] ReadMemory at 0x3b0ef0 of 132 bytes failed: Only part of a ReadProcessMemory or WriteProcessMemory request was completed. (0x12B)
[0710/174825.905:ERROR:process_memory_win.cc(73)] ReadMemory at 0x3b0fe0 of 132 bytes failed: Only part of a ReadProcessMemory or WriteProcessMemory request was completed. (0x12B)
[0710/174825.906:ERROR:process_memory_win.cc(73)] ReadMemory at 0x3ce8b0 of 512 bytes failed: Only part of a ReadProcessMemory or WriteProcessMemory request was completed. (0x12B)
[0710/174825.906:ERROR:process_memory_win.cc(73)] ReadMemory at 0x3ced10 of 512 bytes failed: Only part of a ReadProcessMemory or WriteProcessMemory request was completed. (0x12B)
[0710/174825.906:ERROR:process_memory_win.cc(73)] ReadMemory at 0x9168e0 of 512 bytes failed: Only part of a ReadProcessMemory or WriteProcessMemory request was completed. (0x12B)
[0710/174825.906:ERROR:process_memory_win.cc(73)] ReadMemory at 0x1134790 of 512 bytes failed: Only part of a ReadProcessMemory or WriteProcessMemory request was completed. (0x12B)
[0710/174825.906:ERROR:process_memory_win.cc(73)] ReadMemory at 0x113c5f0 of 512 bytes failed: Only part of a ReadProcessMemory or WriteProcessMemory request was completed. (0x12B)
[0710/174825.906:ERROR:process_memory_win.cc(73)] ReadMemory at 0x11523e0 of 512 bytes failed: Only part of a ReadProcessMemory or WriteProcessMemory request was completed. (0x12B)
[0710/174825.906:ERROR:process_memory_win.cc(73)] ReadMemory at 0x115c4f0 of 512 bytes failed: Only part of a ReadProcessMemory or WriteProcessMemory request was completed. (0x12B)
[0710/174825.906:ERROR:process_memory_win.cc(73)] ReadMemory at 0x115cdc0 of 712 bytes failed: Only part of a ReadProcessMemory or WriteProcessMemory request was completed. (0x12B)
[0710/174825.906:ERROR:process_memory_win.cc(73)] ReadMemory at 0x1161138 of 512 bytes failed: Only part of a ReadProcessMemory or WriteProcessMemory request was completed. (0x12B)
[0710/174825.906:ERROR:process_memory_win.cc(73)] ReadMemory at 0x1163200 of 672 bytes failed: Only part of a ReadProcessMemory or WriteProcessMemory request was completed. (0x12B)
[0710/174825.906:ERROR:process_memory_win.cc(73)] ReadMemory at 0x11a37c0 of 512 bytes failed: Only part of a ReadProcessMemory or WriteProcessMemory request was completed. (0x12B)
[0710/174825.906:ERROR:process_memory_win.cc(73)] ReadMemory at 0x1215110 of 512 bytes failed: Only part of a ReadProcessMemory or WriteProcessMemory request was completed. (0x12B)
[0710/174825.906:ERROR:process_memory_win.cc(73)] ReadMemory at 0x1250000 of 384 bytes failed: Only part of a ReadProcessMemory or WriteProcessMemory request was completed. (0x12B)
[0710/174825.906:ERROR:process_memory_win.cc(73)] ReadMemory at 0x125b700 of 512 bytes failed: Only part of a ReadProcessMemory or WriteProcessMemory request was completed. (0x12B)
[0710/174825.906:ERROR:process_memory_win.cc(73)] ReadMemory at 0x1267c10 of 512 bytes failed: Only part of a ReadProcessMemory or WriteProcessMemory request was completed. (0x12B)
[0710/174825.906:ERROR:process_memory_win.cc(73)] ReadMemory at 0x41c4a10 of 512 bytes failed: Only part of a ReadProcessMemory or WriteProcessMemory request was completed. (0x12B)
[0710/174825.906:ERROR:process_memory_win.cc(73)] ReadMemory at 0x422f040 of 512 bytes failed: Only part of a ReadProcessMemory or WriteProcessMemory request was completed. (0x12B)
[0710/174825.906:ERROR:process_memory_win.cc(73)] ReadMemory at 0x42339a0 of 512 bytes failed: Only part of a ReadProcessMemory or WriteProcessMemory request was completed. (0x12B)
[0710/174825.906:ERROR:process_memory_win.cc(73)] ReadMemory at 0x4355060 of 528 bytes failed: Only part of a ReadProcessMemory or WriteProcessMemory request was completed. (0x12B)
[0710/174825.906:ERROR:process_memory_win.cc(73)] ReadMemory at 0x5684c60 of 640 bytes failed: Only part of a ReadProcessMemory or WriteProcessMemory request was completed. (0x12B)
[0710/174825.906:ERROR:process_memory_win.cc(73)] ReadMemory at 0x5c60048 of 512 bytes failed: Only part of a ReadProcessMemory or WriteProcessMemory request was completed. (0x12B)
[0710/174825.906:ERROR:process_memory_win.cc(73)] ReadMemory at 0x5fc3aa8 of 512 bytes failed: Only part of a ReadProcessMemory or WriteProcessMemory request was completed. (0x12B)
[0710/174825.906:ERROR:process_memory_win.cc(73)] ReadMemory at 0x610f3f0 of 512 bytes failed: Only part of a ReadProcessMemory or WriteProcessMemory request was completed. (0x12B)
[0710/174825.906:ERROR:process_memory_win.cc(73)] ReadMemory at 0x62a8ca0 of 512 bytes failed: Only part of a ReadProcessMemory or WriteProcessMemory request was completed. (0x12B)
[0710/174825.906:ERROR:process_memory_win.cc(73)] ReadMemory at 0x62bcf48 of 512 bytes failed: Only part of a ReadProcessMemory or WriteProcessMemory request was completed. (0x12B)
[0710/174825.907:ERROR:process_memory_win.cc(73)] ReadMemory at 0x62bd260 of 512 bytes failed: Only part of a ReadProcessMemory or WriteProcessMemory request was completed. (0x12B)
[0710/174825.907:ERROR:process_memory_win.cc(73)] ReadMemory at 0x62bff20 of 512 bytes failed: Only part of a ReadProcessMemory or WriteProcessMemory request was completed. (0x12B)
[0710/174825.907:ERROR:process_memory_win.cc(73)] ReadMemory at 0x7751ae70 of 512 bytes failed: Only part of a ReadProcessMemory or WriteProcessMemory request was completed. (0x12B)
[0710/174825.907:ERROR:process_memory_win.cc(73)] ReadMemory at 0x7751fb70 of 512 bytes failed: Only part of a ReadProcessMemory or WriteProcessMemory request was completed. (0x12B)
[0710/174825.907:ERROR:process_memory_win.cc(73)] ReadMemory at 0x7755127a of 592 bytes failed: Only part of a ReadProcessMemory or WriteProcessMemory request was completed. (0x12B)
[0710/174825.907:ERROR:process_memory_win.cc(73)] ReadMemory at 0x775517ea of 512 bytes failed: Only part of a ReadProcessMemory or WriteProcessMemory request was completed. (0x12B)
[0710/174825.907:ERROR:process_memory_win.cc(73)] ReadMemory at 0x77552b2a of 528 bytes failed: Only part of a ReadProcessMemory or WriteProcessMemory request was completed. (0x12B)
[0710/174825.907:ERROR:process_memory_win.cc(73)] ReadMemory at 0x77604460 of 816 bytes failed: Only part of a ReadProcessMemory or WriteProcessMemory request was completed. (0x12B)
[0710/174825.907:ERROR:process_memory_win.cc(73)] ReadMemory at 0x77615418 of 18 bytes failed: Only part of a ReadProcessMemory or WriteProcessMemory request was completed. (0x12B)
[0710/174825.907:ERROR:process_memory_win.cc(73)] ReadMemory at 0x77632640 of 64 bytes failed: Only part of a ReadProcessMemory or WriteProcessMemory request was completed. (0x12B)
[0710/174825.907:ERROR:process_memory_win.cc(73)] ReadMemory at 0x77637100 of 48 bytes failed: Only part of a ReadProcessMemory or WriteProcessMemory request was completed. (0x12B)
[0710/174825.907:ERROR:process_memory_win.cc(73)] ReadMemory at 0x77637490 of 40 bytes failed: Only part of a ReadProcessMemory or WriteProcessMemory request was completed. (0x12B)
[0710/174825.907:ERROR:process_memory_win.cc(73)] ReadMemory at 0x6b0e3f75d9 of 512 bytes failed: Only part of a ReadProcessMemory or WriteProcessMemory request was completed. (0x12B)
[0710/174825.907:ERROR:process_memory_win.cc(73)] ReadMemory at 0x27025526a80 of 512 bytes failed: Only part of a ReadProcessMemory or WriteProcessMemory request was completed. (0x12B)
[0710/174825.907:ERROR:process_memory_win.cc(73)] ReadMemory at 0x2702553ff80 of 128 bytes failed: Only part of a ReadProcessMemory or WriteProcessMemory request was completed. (0x12B)
[0710/174825.907:ERROR:process_memory_win.cc(73)] ReadMemory at 0x27d6edc1388 of 513 bytes failed: Only part of a ReadProcessMemory or WriteProcessMemory request was completed. (0x12B)
[0710/174825.907:ERROR:process_memory_win.cc(73)] ReadMemory at 0x2ec4bf00000 of 384 bytes failed: Only part of a ReadProcessMemory or WriteProcessMemory request was completed. (0x12B)
[0710/174825.907:ERROR:process_memory_win.cc(73)] ReadMemory at 0x2ec4bf1b8f0 of 512 bytes failed: Only part of a ReadProcessMemory or WriteProcessMemory request was completed. (0x12B)
[0710/174825.907:ERROR:process_memory_win.cc(73)] ReadMemory at 0x2f63e381721 of 512 bytes failed: Only part of a ReadProcessMemory or WriteProcessMemory request was completed. (0x12B)
[0710/174825.907:ERROR:process_memory_win.cc(73)] ReadMemory at 0x3b7b0fc0451 of 512 bytes failed: Only part of a ReadProcessMemory or WriteProcessMemory request was completed. (0x12B)
[0710/174825.907:ERROR:process_memory_win.cc(73)] ReadMemory at 0x47d9c69f998 of 513 bytes failed: Only part of a ReadProcessMemory or WriteProcessMemory request was completed. (0x12B)
[0710/174825.907:ERROR:process_memory_win.cc(73)] ReadMemory at 0x4e9eb327081 of 512 bytes failed: Only part of a ReadProcessMemory or WriteProcessMemory request was completed. (0x12B)
[0710/174825.907:ERROR:process_memory_win.cc(73)] ReadMemory at 0x67006266410 of 513 bytes failed: Only part of a ReadProcessMemory or WriteProcessMemory request was completed. (0x12B)
[0710/174825.907:ERROR:process_memory_win.cc(73)] ReadMemory at 0x67006267d81 of 672 bytes failed: Only part of a ReadProcessMemory or WriteProcessMemory request was completed. (0x12B)
[0710/174825.907:ERROR:process_memory_win.cc(73)] ReadMemory at 0x7c8e04c0000 of 384 bytes failed: Only part of a ReadProcessMemory or WriteProcessMemory request was completed. (0x12B)
[0710/174825.907:ERROR:process_memory_win.cc(73)] ReadMemory at 0x7c8e04f6938 of 512 bytes failed: Only part of a ReadProcessMemory or WriteProcessMemory request was completed. (0x12B)
[0710/174825.908:ERROR:process_memory_win.cc(73)] ReadMemory at 0x7fec52893ca of 512 bytes failed: Only part of a ReadProcessMemory or WriteProcessMemory request was completed. (0x12B)
[0710/174825.908:ERROR:process_memory_win.cc(73)] ReadMemory at 0x7fec52a143e of 512 bytes failed: Only part of a ReadProcessMemory or WriteProcessMemory request was completed. (0x12B)
[0710/174825.908:ERROR:process_memory_win.cc(73)] ReadMemory at 0x7fec95af2ec of 512 bytes failed: Only part of a ReadProcessMemory or WriteProcessMemory request was completed. (0x12B)
[0710/174825.908:ERROR:process_memory_win.cc(73)] ReadMemory at 0x7fec95fb3e2 of 512 bytes failed: Only part of a ReadProcessMemory or WriteProcessMemory request was completed. (0x12B)
[0710/174825.908:ERROR:process_memory_win.cc(73)] ReadMemory at 0x7fec9800650 of 512 bytes failed: Only part of a ReadProcessMemory or WriteProcessMemory request was completed. (0x12B)
[0710/174825.908:ERROR:process_memory_win.cc(73)] ReadMemory at 0x7fec9c102e0 of 512 bytes failed: Only part of a ReadProcessMemory or WriteProcessMemory request was completed. (0x12B)
[0710/174825.908:ERROR:process_memory_win.cc(73)] ReadMemory at 0x7fece66583a of 512 bytes failed: Only part of a ReadProcessMemory or WriteProcessMemory request was completed. (0x12B)
[0710/174825.908:ERROR:process_memory_win.cc(73)] ReadMemory at 0x7fece666091 of 512 bytes failed: Only part of a ReadProcessMemory or WriteProcessMemory request was completed. (0x12B)
[0710/174825.908:ERROR:process_memory_win.cc(73)] ReadMemory at 0x7fffff9a000 of 6024 bytes failed: Only part of a ReadProcessMemory or WriteProcessMemory request was completed. (0x12B)
[0710/174825.908:ERROR:process_memory_win.cc(73)] ReadMemory at 0x7fffff9c000 of 6024 bytes failed: Only part of a ReadProcessMemory or WriteProcessMemory request was completed. (0x12B)
[0710/174825.908:ERROR:process_memory_win.cc(73)] ReadMemory at 0x7fffff9e000 of 6024 bytes failed: Only part of a ReadProcessMemory or WriteProcessMemory request was completed. (0x12B)
[0710/174825.908:ERROR:process_memory_win.cc(73)] ReadMemory at 0x7fffffa0000 of 6024 bytes failed: Only part of a ReadProcessMemory or WriteProcessMemory request was completed. (0x12B)
[0710/174825.908:ERROR:process_memory_win.cc(73)] ReadMemory at 0x7fffffa2000 of 6024 bytes failed: Only part of a ReadProcessMemory or WriteProcessMemory request was completed. (0x12B)
[0710/174825.908:ERROR:process_memory_win.cc(73)] ReadMemory at 0x7fffffa4000 of 6024 bytes failed: Only part of a ReadProcessMemory or WriteProcessMemory request was completed. (0x12B)
[0710/174825.908:ERROR:process_memory_win.cc(73)] ReadMemory at 0x7fffffa6000 of 6024 bytes failed: Only part of a ReadProcessMemory or WriteProcessMemory request was completed. (0x12B)
[0710/174825.908:ERROR:process_memory_win.cc(73)] ReadMemory at 0x7fffffa8000 of 6024 bytes failed: Only part of a ReadProcessMemory or WriteProcessMemory request was completed. (0x12B)
[0710/174825.909:ERROR:process_memory_win.cc(73)] ReadMemory at 0x7fffffaa000 of 6024 bytes failed: Only part of a ReadProcessMemory or WriteProcessMemory request was completed. (0x12B)
[0710/174825.909:ERROR:process_memory_win.cc(73)] ReadMemory at 0x7fffffac000 of 6024 bytes failed: Only part of a ReadProcessMemory or WriteProcessMemory request was completed. (0x12B)
[0710/174825.909:ERROR:process_memory_win.cc(73)] ReadMemory at 0x7fffffae000 of 6024 bytes failed: Only part of a ReadProcessMemory or WriteProcessMemory request was completed. (0x12B)
[0710/174825.909:ERROR:process_memory_win.cc(73)] ReadMemory at 0x7fffffd4000 of 6024 bytes failed: Only part of a ReadProcessMemory or WriteProcessMemory request was completed. (0x12B)
[0710/174825.909:ERROR:process_memory_win.cc(73)] ReadMemory at 0x7fffffd6000 of 6024 bytes failed: Only part of a ReadProcessMemory or WriteProcessMemory request was completed. (0x12B)
[0710/174825.909:ERROR:process_memory_win.cc(73)] ReadMemory at 0x7fffffd8000 of 6024 bytes failed: Only part of a ReadProcessMemory or WriteProcessMemory request was completed. (0x12B)
[0710/174825.909:ERROR:process_memory_win.cc(73)] ReadMemory at 0x7fffffda000 of 6024 bytes failed: Only part of a ReadProcessMemory or WriteProcessMemory request was completed. (0x12B)
[0710/174825.909:ERROR:process_memory_win.cc(73)] ReadMemory at 0x7fffffdc000 of 6024 bytes failed: Only part of a ReadProcessMemory or WriteProcessMemory request was completed. (0x12B)
[0710/174825.909:ERROR:process_memory_win.cc(73)] ReadMemory at 0x7fffffde000 of 852 bytes failed: Only part of a ReadProcessMemory or WriteProcessMemory request was completed. (0x12B)
[0710/174825.910:ERROR:crash_report_database_win.cc(428)] unexpected header
[0710/174825.911:ERROR:scoped_process_suspend.cc(40)] NtResumeProcess: An attempt was made to access an exiting process. (0xc000010a)
